Added Component: Designator=E1(PCBComponent_1)
Added Component: Designator=E2(PCBComponent_1)
Added Component: Designator=E3(PCBComponent_1)
Added Component: Designator=E4(PCBComponent_1)
Added Component: Designator=E5(PCBComponent_1)
Added Component: Designator=E6(PCBComponent_1)
Added Component: Designator=E7(PCBComponent_1)
Added Component: Designator=E8(PCBComponent_1)
Added Component: Designator=E9(PCBComponent_1)
Added Component: Designator=E10(PCBComponent_1)
Added Component: Designator=E11(PCBComponent_1)
Added Component: Designator=E12(PCBComponent_1)
Added Component: Designator=E13(PCBComponent_1)
Added Component: Designator=E14(PCBComponent_1)
Added Component: Designator=E15(PCBComponent_1)
Added Component: Designator=E16(PCBComponent_1)
Added Component: Designator=E17(PCBComponent_1)
Added Component: Designator=E18(PCBComponent_1)
Added Component: Designator=E19(PCBComponent_1)
Added Component: Designator=E20(PCBComponent_1)
Added Component: Designator=E21(PCBComponent_1)
Added Component: Designator=E22(PCBComponent_1)
Added Component: Designator=E23(PCBComponent_1)
Added Component: Designator=E24(PCBComponent_1)
Added Component: Designator=E25(PCBComponent_1)
Added Component: Designator=E26(PCBComponent_1)
Added Component: Designator=E27(PCBComponent_1)
Added Component: Designator=E28(PCBComponent_1)
Added Component: Designator=E29(PCBComponent_1)
Added Component: Designator=E30(PCBComponent_1)
Added Component: Designator=E31(PCBComponent_1)
Added Component: Designator=E32(PCBComponent_1)
Added Component: Designator=J1(CONN_FPC_2X18_0MM5)
Add component (AddParameter): Name = "Assembly Note"; Value = ""; VariantName = "[No Variations]"
Add component (AddParameter): Name = "Assembly Type"; Value = ""; VariantName = "[No Variations]"
Add component (AddParameter): Name = "CreatedBy/Date"; Value = ""; VariantName = "[No Variations]"
Add component (AddParameter): Name = "Current Rating"; Value = ""; VariantName = "[No Variations]"
Add component (AddParameter): Name = "GRAMS Lib Spec"; Value = "2.7"; VariantName = "[No Variations]"
Add component (AddParameter): Name = "HelpURL"; Value = ""; VariantName = "[No Variations]"
Add component (AddParameter): Name = "Magnetic Material"; Value = ""; VariantName = "[No Variations]"
Add component (AddParameter): Name = "Manufacturer #1"; Value = ""; VariantName = "[No Variations]"
Add component (AddParameter): Name = "Manufacturer #2"; Value = ""; VariantName = "[No Variations]"
Add component (AddParameter): Name = "Note"; Value = ""; VariantName = "[No Variations]"
Add component (AddParameter): Name = "Package"; Value = ""; VariantName = "[No Variations]"
Add component (AddParameter): Name = "Part Number #1"; Value = ""; VariantName = "[No Variations]"
Add component (AddParameter): Name = "Part Number #2"; Value = ""; VariantName = "[No Variations]"
Add component (AddParameter): Name = "Polarized"; Value = ""; VariantName = "[No Variations]"
Add component (AddParameter): Name = "Power Max"; Value = ""; VariantName = "[No Variations]"
Add component (AddParameter): Name = "Supplier 1"; Value = ""; VariantName = "[No Variations]"
Add component (AddParameter): Name = "Supplier Part Number 1"; Value = ""; VariantName = "[No Variations]"
Add component (AddParameter): Name = "Temperature"; Value = ""; VariantName = "[No Variations]"
Add component (AddParameter): Name = "Tolerance"; Value = ""; VariantName = "[No Variations]"
Add component (AddParameter): Name = "Value"; Value = ""; VariantName = "[No Variations]"
Add component (AddParameter): Name = "VerifiedBy"; Value = ""; VariantName = "[No Variations]"
Add component (AddParameter): Name = "Voltage Rating"; Value = ""; VariantName = "[No Variations]"
Added Pin To Net: NetName=Input1 Pin=E1-1
Added Pin To Net: NetName=Input1 Pin=E1-1
Added Pin To Net: NetName=Input1 Pin=E1-1
Added Pin To Net: NetName=Input1 Pin=E1-1
Added Pin To Net: NetName=Input1 Pin=E1-1
Added Pin To Net: NetName=Input1 Pin=E1-1
Added Pin To Net: NetName=Input1 Pin=E1-1
Added Pin To Net: NetName=Input1 Pin=E1-1
Added Pin To Net: NetName=Input1 Pin=E1-1
Added Pin To Net: NetName=Input1 Pin=E1-1
Added Pin To Net: NetName=Input1 Pin=E1-1
Added Pin To Net: NetName=Input1 Pin=E1-1
Added Pin To Net: NetName=Input1 Pin=E1-1
Added Pin To Net: NetName=Input2 Pin=E2-1
Added Pin To Net: NetName=Input2 Pin=E2-1
Added Pin To Net: NetName=Input2 Pin=E2-1
Added Pin To Net: NetName=Input2 Pin=E2-1
Added Pin To Net: NetName=Input2 Pin=E2-1
Added Pin To Net: NetName=Input2 Pin=E2-1
Added Pin To Net: NetName=Input2 Pin=E2-1
Added Pin To Net: NetName=Input2 Pin=E2-1
Added Pin To Net: NetName=Input2 Pin=E2-1
Added Pin To Net: NetName=Input2 Pin=E2-1
Added Pin To Net: NetName=Input2 Pin=E2-1
Added Pin To Net: NetName=Input2 Pin=E2-1
Added Pin To Net: NetName=Input2 Pin=E2-1
Added Pin To Net: NetName=Input3 Pin=E3-1
Added Pin To Net: NetName=Input3 Pin=E3-1
Added Pin To Net: NetName=Input3 Pin=E3-1
Added Pin To Net: NetName=Input3 Pin=E3-1
Added Pin To Net: NetName=Input3 Pin=E3-1
Added Pin To Net: NetName=Input3 Pin=E3-1
Added Pin To Net: NetName=Input3 Pin=E3-1
Added Pin To Net: NetName=Input3 Pin=E3-1
Added Pin To Net: NetName=Input3 Pin=E3-1
Added Pin To Net: NetName=Input3 Pin=E3-1
Added Pin To Net: NetName=Input3 Pin=E3-1
Added Pin To Net: NetName=Input3 Pin=E3-1
Added Pin To Net: NetName=Input3 Pin=E3-1
Added Pin To Net: NetName=Input4 Pin=E4-1
Added Pin To Net: NetName=Input4 Pin=E4-1
Added Pin To Net: NetName=Input4 Pin=E4-1
Added Pin To Net: NetName=Input4 Pin=E4-1
Added Pin To Net: NetName=Input4 Pin=E4-1
Added Pin To Net: NetName=Input4 Pin=E4-1
Added Pin To Net: NetName=Input4 Pin=E4-1
Added Pin To Net: NetName=Input4 Pin=E4-1
Added Pin To Net: NetName=Input4 Pin=E4-1
Added Pin To Net: NetName=Input4 Pin=E4-1
Added Pin To Net: NetName=Input4 Pin=E4-1
Added Pin To Net: NetName=Input4 Pin=E4-1
Added Pin To Net: NetName=Input4 Pin=E4-1
Added Pin To Net: NetName=Input5 Pin=E5-1
Added Pin To Net: NetName=Input5 Pin=E5-1
Added Pin To Net: NetName=Input5 Pin=E5-1
Added Pin To Net: NetName=Input5 Pin=E5-1
Added Pin To Net: NetName=Input5 Pin=E5-1
Added Pin To Net: NetName=Input5 Pin=E5-1
Added Pin To Net: NetName=Input5 Pin=E5-1
Added Pin To Net: NetName=Input5 Pin=E5-1
Added Pin To Net: NetName=Input5 Pin=E5-1
Added Pin To Net: NetName=Input5 Pin=E5-1
Added Pin To Net: NetName=Input5 Pin=E5-1
Added Pin To Net: NetName=Input5 Pin=E5-1
Added Pin To Net: NetName=Input5 Pin=E5-1
Added Pin To Net: NetName=Input6 Pin=E6-1
Added Pin To Net: NetName=Input6 Pin=E6-1
Added Pin To Net: NetName=Input6 Pin=E6-1
Added Pin To Net: NetName=Input6 Pin=E6-1
Added Pin To Net: NetName=Input6 Pin=E6-1
Added Pin To Net: NetName=Input6 Pin=E6-1
Added Pin To Net: NetName=Input6 Pin=E6-1
Added Pin To Net: NetName=Input6 Pin=E6-1
Added Pin To Net: NetName=Input6 Pin=E6-1
Added Pin To Net: NetName=Input6 Pin=E6-1
Added Pin To Net: NetName=Input6 Pin=E6-1
Added Pin To Net: NetName=Input6 Pin=E6-1
Added Pin To Net: NetName=Input6 Pin=E6-1
Added Pin To Net: NetName=Input7 Pin=E7-1
Added Pin To Net: NetName=Input7 Pin=E7-1
Added Pin To Net: NetName=Input7 Pin=E7-1
Added Pin To Net: NetName=Input7 Pin=E7-1
Added Pin To Net: NetName=Input7 Pin=E7-1
Added Pin To Net: NetName=Input7 Pin=E7-1
Added Pin To Net: NetName=Input7 Pin=E7-1
Added Pin To Net: NetName=Input7 Pin=E7-1
Added Pin To Net: NetName=Input7 Pin=E7-1
Added Pin To Net: NetName=Input7 Pin=E7-1
Added Pin To Net: NetName=Input7 Pin=E7-1
Added Pin To Net: NetName=Input7 Pin=E7-1
Added Pin To Net: NetName=Input7 Pin=E7-1
Added Pin To Net: NetName=Input8 Pin=E8-1
Added Pin To Net: NetName=Input8 Pin=E8-1
Added Pin To Net: NetName=Input8 Pin=E8-1
Added Pin To Net: NetName=Input8 Pin=E8-1
Added Pin To Net: NetName=Input8 Pin=E8-1
Added Pin To Net: NetName=Input8 Pin=E8-1
Added Pin To Net: NetName=Input8 Pin=E8-1
Added Pin To Net: NetName=Input8 Pin=E8-1
Added Pin To Net: NetName=Input8 Pin=E8-1
Added Pin To Net: NetName=Input8 Pin=E8-1
Added Pin To Net: NetName=Input8 Pin=E8-1
Added Pin To Net: NetName=Input8 Pin=E8-1
Added Pin To Net: NetName=Input8 Pin=E8-1
Added Pin To Net: NetName=Input9 Pin=E9-1
Added Pin To Net: NetName=Input9 Pin=E9-1
Added Pin To Net: NetName=Input9 Pin=E9-1
Added Pin To Net: NetName=Input9 Pin=E9-1
Added Pin To Net: NetName=Input9 Pin=E9-1
Added Pin To Net: NetName=Input9 Pin=E9-1
Added Pin To Net: NetName=Input9 Pin=E9-1
Added Pin To Net: NetName=Input9 Pin=E9-1
Added Pin To Net: NetName=Input9 Pin=E9-1
Added Pin To Net: NetName=Input9 Pin=E9-1
Added Pin To Net: NetName=Input9 Pin=E9-1
Added Pin To Net: NetName=Input9 Pin=E9-1
Added Pin To Net: NetName=Input9 Pin=E9-1
Added Pin To Net: NetName=Input10 Pin=E10-1
Added Pin To Net: NetName=Input10 Pin=E10-1
Added Pin To Net: NetName=Input10 Pin=E10-1
Added Pin To Net: NetName=Input10 Pin=E10-1
Added Pin To Net: NetName=Input10 Pin=E10-1
Added Pin To Net: NetName=Input10 Pin=E10-1
Added Pin To Net: NetName=Input10 Pin=E10-1
Added Pin To Net: NetName=Input10 Pin=E10-1
Added Pin To Net: NetName=Input10 Pin=E10-1
Added Pin To Net: NetName=Input10 Pin=E10-1
Added Pin To Net: NetName=Input10 Pin=E10-1
Added Pin To Net: NetName=Input10 Pin=E10-1
Added Pin To Net: NetName=Input10 Pin=E10-1
Added Pin To Net: NetName=Input11 Pin=E11-1
Added Pin To Net: NetName=Input11 Pin=E11-1
Added Pin To Net: NetName=Input11 Pin=E11-1
Added Pin To Net: NetName=Input11 Pin=E11-1
Added Pin To Net: NetName=Input11 Pin=E11-1
Added Pin To Net: NetName=Input11 Pin=E11-1
Added Pin To Net: NetName=Input11 Pin=E11-1
Added Pin To Net: NetName=Input11 Pin=E11-1
Added Pin To Net: NetName=Input11 Pin=E11-1
Added Pin To Net: NetName=Input11 Pin=E11-1
Added Pin To Net: NetName=Input11 Pin=E11-1
Added Pin To Net: NetName=Input11 Pin=E11-1
Added Pin To Net: NetName=Input11 Pin=E11-1
Added Pin To Net: NetName=Input12 Pin=E12-1
Added Pin To Net: NetName=Input12 Pin=E12-1
Added Pin To Net: NetName=Input12 Pin=E12-1
Added Pin To Net: NetName=Input12 Pin=E12-1
Added Pin To Net: NetName=Input12 Pin=E12-1
Added Pin To Net: NetName=Input12 Pin=E12-1
Added Pin To Net: NetName=Input12 Pin=E12-1
Added Pin To Net: NetName=Input12 Pin=E12-1
Added Pin To Net: NetName=Input12 Pin=E12-1
Added Pin To Net: NetName=Input12 Pin=E12-1
Added Pin To Net: NetName=Input12 Pin=E12-1
Added Pin To Net: NetName=Input12 Pin=E12-1
Added Pin To Net: NetName=Input12 Pin=E12-1
Added Pin To Net: NetName=Input13 Pin=E13-1
Added Pin To Net: NetName=Input13 Pin=E13-1
Added Pin To Net: NetName=Input13 Pin=E13-1
Added Pin To Net: NetName=Input13 Pin=E13-1
Added Pin To Net: NetName=Input13 Pin=E13-1
Added Pin To Net: NetName=Input13 Pin=E13-1
Added Pin To Net: NetName=Input13 Pin=E13-1
Added Pin To Net: NetName=Input13 Pin=E13-1
Added Pin To Net: NetName=Input13 Pin=E13-1
Added Pin To Net: NetName=Input13 Pin=E13-1
Added Pin To Net: NetName=Input13 Pin=E13-1
Added Pin To Net: NetName=Input13 Pin=E13-1
Added Pin To Net: NetName=Input13 Pin=E13-1
Added Pin To Net: NetName=Input14 Pin=E14-1
Added Pin To Net: NetName=Input14 Pin=E14-1
Added Pin To Net: NetName=Input14 Pin=E14-1
Added Pin To Net: NetName=Input14 Pin=E14-1
Added Pin To Net: NetName=Input14 Pin=E14-1
Added Pin To Net: NetName=Input14 Pin=E14-1
Added Pin To Net: NetName=Input14 Pin=E14-1
Added Pin To Net: NetName=Input14 Pin=E14-1
Added Pin To Net: NetName=Input14 Pin=E14-1
Added Pin To Net: NetName=Input14 Pin=E14-1
Added Pin To Net: NetName=Input14 Pin=E14-1
Added Pin To Net: NetName=Input14 Pin=E14-1
Added Pin To Net: NetName=Input14 Pin=E14-1
Added Pin To Net: NetName=Input15 Pin=E15-1
Added Pin To Net: NetName=Input15 Pin=E15-1
Added Pin To Net: NetName=Input15 Pin=E15-1
Added Pin To Net: NetName=Input15 Pin=E15-1
Added Pin To Net: NetName=Input15 Pin=E15-1
Added Pin To Net: NetName=Input15 Pin=E15-1
Added Pin To Net: NetName=Input15 Pin=E15-1
Added Pin To Net: NetName=Input15 Pin=E15-1
Added Pin To Net: NetName=Input15 Pin=E15-1
Added Pin To Net: NetName=Input15 Pin=E15-1
Added Pin To Net: NetName=Input15 Pin=E15-1
Added Pin To Net: NetName=Input15 Pin=E15-1
Added Pin To Net: NetName=Input15 Pin=E15-1
Added Pin To Net: NetName=Input16 Pin=E16-1
Added Pin To Net: NetName=Input16 Pin=E16-1
Added Pin To Net: NetName=Input16 Pin=E16-1
Added Pin To Net: NetName=Input16 Pin=E16-1
Added Pin To Net: NetName=Input16 Pin=E16-1
Added Pin To Net: NetName=Input16 Pin=E16-1
Added Pin To Net: NetName=Input16 Pin=E16-1
Added Pin To Net: NetName=Input16 Pin=E16-1
Added Pin To Net: NetName=Input16 Pin=E16-1
Added Pin To Net: NetName=Input16 Pin=E16-1
Added Pin To Net: NetName=Input16 Pin=E16-1
Added Pin To Net: NetName=Input16 Pin=E16-1
Added Pin To Net: NetName=Input16 Pin=E16-1
Added Pin To Net: NetName=Input17 Pin=E17-1
Added Pin To Net: NetName=Input17 Pin=E17-1
Added Pin To Net: NetName=Input17 Pin=E17-1
Added Pin To Net: NetName=Input17 Pin=E17-1
Added Pin To Net: NetName=Input17 Pin=E17-1
Added Pin To Net: NetName=Input17 Pin=E17-1
Added Pin To Net: NetName=Input17 Pin=E17-1
Added Pin To Net: NetName=Input17 Pin=E17-1
Added Pin To Net: NetName=Input17 Pin=E17-1
Added Pin To Net: NetName=Input17 Pin=E17-1
Added Pin To Net: NetName=Input17 Pin=E17-1
Added Pin To Net: NetName=Input17 Pin=E17-1
Added Pin To Net: NetName=Input17 Pin=E17-1
Added Pin To Net: NetName=Input18 Pin=E18-1
Added Pin To Net: NetName=Input18 Pin=E18-1
Added Pin To Net: NetName=Input18 Pin=E18-1
Added Pin To Net: NetName=Input18 Pin=E18-1
Added Pin To Net: NetName=Input18 Pin=E18-1
Added Pin To Net: NetName=Input18 Pin=E18-1
Added Pin To Net: NetName=Input18 Pin=E18-1
Added Pin To Net: NetName=Input18 Pin=E18-1
Added Pin To Net: NetName=Input18 Pin=E18-1
Added Pin To Net: NetName=Input18 Pin=E18-1
Added Pin To Net: NetName=Input18 Pin=E18-1
Added Pin To Net: NetName=Input18 Pin=E18-1
Added Pin To Net: NetName=Input18 Pin=E18-1
Added Pin To Net: NetName=Input19 Pin=E19-1
Added Pin To Net: NetName=Input19 Pin=E19-1
Added Pin To Net: NetName=Input19 Pin=E19-1
Added Pin To Net: NetName=Input19 Pin=E19-1
Added Pin To Net: NetName=Input19 Pin=E19-1
Added Pin To Net: NetName=Input19 Pin=E19-1
Added Pin To Net: NetName=Input19 Pin=E19-1
Added Pin To Net: NetName=Input19 Pin=E19-1
Added Pin To Net: NetName=Input19 Pin=E19-1
Added Pin To Net: NetName=Input19 Pin=E19-1
Added Pin To Net: NetName=Input19 Pin=E19-1
Added Pin To Net: NetName=Input19 Pin=E19-1
Added Pin To Net: NetName=Input19 Pin=E19-1
Added Pin To Net: NetName=Input20 Pin=E20-1
Added Pin To Net: NetName=Input20 Pin=E20-1
Added Pin To Net: NetName=Input20 Pin=E20-1
Added Pin To Net: NetName=Input20 Pin=E20-1
Added Pin To Net: NetName=Input20 Pin=E20-1
Added Pin To Net: NetName=Input20 Pin=E20-1
Added Pin To Net: NetName=Input20 Pin=E20-1
Added Pin To Net: NetName=Input20 Pin=E20-1
Added Pin To Net: NetName=Input20 Pin=E20-1
Added Pin To Net: NetName=Input20 Pin=E20-1
Added Pin To Net: NetName=Input20 Pin=E20-1
Added Pin To Net: NetName=Input20 Pin=E20-1
Added Pin To Net: NetName=Input20 Pin=E20-1
Added Pin To Net: NetName=Input21 Pin=E21-1
Added Pin To Net: NetName=Input21 Pin=E21-1
Added Pin To Net: NetName=Input21 Pin=E21-1
Added Pin To Net: NetName=Input21 Pin=E21-1
Added Pin To Net: NetName=Input21 Pin=E21-1
Added Pin To Net: NetName=Input21 Pin=E21-1
Added Pin To Net: NetName=Input21 Pin=E21-1
Added Pin To Net: NetName=Input21 Pin=E21-1
Added Pin To Net: NetName=Input21 Pin=E21-1
Added Pin To Net: NetName=Input21 Pin=E21-1
Added Pin To Net: NetName=Input21 Pin=E21-1
Added Pin To Net: NetName=Input21 Pin=E21-1
Added Pin To Net: NetName=Input21 Pin=E21-1
Added Pin To Net: NetName=Input22 Pin=E22-1
Added Pin To Net: NetName=Input22 Pin=E22-1
Added Pin To Net: NetName=Input22 Pin=E22-1
Added Pin To Net: NetName=Input22 Pin=E22-1
Added Pin To Net: NetName=Input22 Pin=E22-1
Added Pin To Net: NetName=Input22 Pin=E22-1
Added Pin To Net: NetName=Input22 Pin=E22-1
Added Pin To Net: NetName=Input22 Pin=E22-1
Added Pin To Net: NetName=Input22 Pin=E22-1
Added Pin To Net: NetName=Input22 Pin=E22-1
Added Pin To Net: NetName=Input22 Pin=E22-1
Added Pin To Net: NetName=Input22 Pin=E22-1
Added Pin To Net: NetName=Input22 Pin=E22-1
Added Pin To Net: NetName=Input23 Pin=E23-1
Added Pin To Net: NetName=Input23 Pin=E23-1
Added Pin To Net: NetName=Input23 Pin=E23-1
Added Pin To Net: NetName=Input23 Pin=E23-1
Added Pin To Net: NetName=Input23 Pin=E23-1
Added Pin To Net: NetName=Input23 Pin=E23-1
Added Pin To Net: NetName=Input23 Pin=E23-1
Added Pin To Net: NetName=Input23 Pin=E23-1
Added Pin To Net: NetName=Input23 Pin=E23-1
Added Pin To Net: NetName=Input23 Pin=E23-1
Added Pin To Net: NetName=Input23 Pin=E23-1
Added Pin To Net: NetName=Input23 Pin=E23-1
Added Pin To Net: NetName=Input23 Pin=E23-1
Added Pin To Net: NetName=Input24 Pin=E24-1
Added Pin To Net: NetName=Input24 Pin=E24-1
Added Pin To Net: NetName=Input24 Pin=E24-1
Added Pin To Net: NetName=Input24 Pin=E24-1
Added Pin To Net: NetName=Input24 Pin=E24-1
Added Pin To Net: NetName=Input24 Pin=E24-1
Added Pin To Net: NetName=Input24 Pin=E24-1
Added Pin To Net: NetName=Input24 Pin=E24-1
Added Pin To Net: NetName=Input24 Pin=E24-1
Added Pin To Net: NetName=Input24 Pin=E24-1
Added Pin To Net: NetName=Input24 Pin=E24-1
Added Pin To Net: NetName=Input24 Pin=E24-1
Added Pin To Net: NetName=Input24 Pin=E24-1
Added Pin To Net: NetName=Input25 Pin=E25-1
Added Pin To Net: NetName=Input25 Pin=E25-1
Added Pin To Net: NetName=Input25 Pin=E25-1
Added Pin To Net: NetName=Input25 Pin=E25-1
Added Pin To Net: NetName=Input25 Pin=E25-1
Added Pin To Net: NetName=Input25 Pin=E25-1
Added Pin To Net: NetName=Input25 Pin=E25-1
Added Pin To Net: NetName=Input25 Pin=E25-1
Added Pin To Net: NetName=Input25 Pin=E25-1
Added Pin To Net: NetName=Input25 Pin=E25-1
Added Pin To Net: NetName=Input25 Pin=E25-1
Added Pin To Net: NetName=Input25 Pin=E25-1
Added Pin To Net: NetName=Input25 Pin=E25-1
Added Pin To Net: NetName=Input26 Pin=E26-1
Added Pin To Net: NetName=Input26 Pin=E26-1
Added Pin To Net: NetName=Input26 Pin=E26-1
Added Pin To Net: NetName=Input26 Pin=E26-1
Added Pin To Net: NetName=Input26 Pin=E26-1
Added Pin To Net: NetName=Input26 Pin=E26-1
Added Pin To Net: NetName=Input26 Pin=E26-1
Added Pin To Net: NetName=Input26 Pin=E26-1
Added Pin To Net: NetName=Input26 Pin=E26-1
Added Pin To Net: NetName=Input26 Pin=E26-1
Added Pin To Net: NetName=Input26 Pin=E26-1
Added Pin To Net: NetName=Input26 Pin=E26-1
Added Pin To Net: NetName=Input26 Pin=E26-1
Added Pin To Net: NetName=Input27 Pin=E27-1
Added Pin To Net: NetName=Input27 Pin=E27-1
Added Pin To Net: NetName=Input27 Pin=E27-1
Added Pin To Net: NetName=Input27 Pin=E27-1
Added Pin To Net: NetName=Input27 Pin=E27-1
Added Pin To Net: NetName=Input27 Pin=E27-1
Added Pin To Net: NetName=Input27 Pin=E27-1
Added Pin To Net: NetName=Input27 Pin=E27-1
Added Pin To Net: NetName=Input27 Pin=E27-1
Added Pin To Net: NetName=Input27 Pin=E27-1
Added Pin To Net: NetName=Input27 Pin=E27-1
Added Pin To Net: NetName=Input27 Pin=E27-1
Added Pin To Net: NetName=Input27 Pin=E27-1
Added Pin To Net: NetName=Input28 Pin=E28-1
Added Pin To Net: NetName=Input28 Pin=E28-1
Added Pin To Net: NetName=Input28 Pin=E28-1
Added Pin To Net: NetName=Input28 Pin=E28-1
Added Pin To Net: NetName=Input28 Pin=E28-1
Added Pin To Net: NetName=Input28 Pin=E28-1
Added Pin To Net: NetName=Input28 Pin=E28-1
Added Pin To Net: NetName=Input28 Pin=E28-1
Added Pin To Net: NetName=Input28 Pin=E28-1
Added Pin To Net: NetName=Input28 Pin=E28-1
Added Pin To Net: NetName=Input28 Pin=E28-1
Added Pin To Net: NetName=Input28 Pin=E28-1
Added Pin To Net: NetName=Input28 Pin=E28-1
Added Pin To Net: NetName=Input29 Pin=E29-1
Added Pin To Net: NetName=Input29 Pin=E29-1
Added Pin To Net: NetName=Input29 Pin=E29-1
Added Pin To Net: NetName=Input29 Pin=E29-1
Added Pin To Net: NetName=Input29 Pin=E29-1
Added Pin To Net: NetName=Input29 Pin=E29-1
Added Pin To Net: NetName=Input29 Pin=E29-1
Added Pin To Net: NetName=Input29 Pin=E29-1
Added Pin To Net: NetName=Input29 Pin=E29-1
Added Pin To Net: NetName=Input29 Pin=E29-1
Added Pin To Net: NetName=Input29 Pin=E29-1
Added Pin To Net: NetName=Input29 Pin=E29-1
Added Pin To Net: NetName=Input29 Pin=E29-1
Added Pin To Net: NetName=Input30 Pin=E30-1
Added Pin To Net: NetName=Input30 Pin=E30-1
Added Pin To Net: NetName=Input30 Pin=E30-1
Added Pin To Net: NetName=Input30 Pin=E30-1
Added Pin To Net: NetName=Input30 Pin=E30-1
Added Pin To Net: NetName=Input30 Pin=E30-1
Added Pin To Net: NetName=Input30 Pin=E30-1
Added Pin To Net: NetName=Input30 Pin=E30-1
Added Pin To Net: NetName=Input30 Pin=E30-1
Added Pin To Net: NetName=Input30 Pin=E30-1
Added Pin To Net: NetName=Input30 Pin=E30-1
Added Pin To Net: NetName=Input30 Pin=E30-1
Added Pin To Net: NetName=Input30 Pin=E30-1
Added Pin To Net: NetName=Input31 Pin=E31-1
Added Pin To Net: NetName=Input31 Pin=E31-1
Added Pin To Net: NetName=Input31 Pin=E31-1
Added Pin To Net: NetName=Input31 Pin=E31-1
Added Pin To Net: NetName=Input31 Pin=E31-1
Added Pin To Net: NetName=Input31 Pin=E31-1
Added Pin To Net: NetName=Input31 Pin=E31-1
Added Pin To Net: NetName=Input31 Pin=E31-1
Added Pin To Net: NetName=Input31 Pin=E31-1
Added Pin To Net: NetName=Input31 Pin=E31-1
Added Pin To Net: NetName=Input31 Pin=E31-1
Added Pin To Net: NetName=Input31 Pin=E31-1
Added Pin To Net: NetName=Input31 Pin=E31-1
Added Pin To Net: NetName=Input32 Pin=E32-1
Added Pin To Net: NetName=Input32 Pin=E32-1
Added Pin To Net: NetName=Input32 Pin=E32-1
Added Pin To Net: NetName=Input32 Pin=E32-1
Added Pin To Net: NetName=Input32 Pin=E32-1
Added Pin To Net: NetName=Input32 Pin=E32-1
Added Pin To Net: NetName=Input32 Pin=E32-1
Added Pin To Net: NetName=Input32 Pin=E32-1
Added Pin To Net: NetName=Input32 Pin=E32-1
Added Pin To Net: NetName=Input32 Pin=E32-1
Added Pin To Net: NetName=Input32 Pin=E32-1
Added Pin To Net: NetName=Input32 Pin=E32-1
Added Pin To Net: NetName=Input32 Pin=E32-1
Added Pin To Net: NetName=Input1 Pin=J1-1
Added Pin To Net: NetName=Input2 Pin=J1-2
Added Pin To Net: NetName=Input3 Pin=J1-3
Added Pin To Net: NetName=Input4 Pin=J1-4
Added Pin To Net: NetName=Input5 Pin=J1-5
Added Pin To Net: NetName=Input6 Pin=J1-6
Added Pin To Net: NetName=Input7 Pin=J1-7
Added Pin To Net: NetName=Input8 Pin=J1-8
Added Pin To Net: NetName=GND Pin=J1-9
Added Pin To Net: NetName=Input9 Pin=J1-10
Added Pin To Net: NetName=Input10 Pin=J1-11
Added Pin To Net: NetName=Input11 Pin=J1-12
Added Pin To Net: NetName=Input12 Pin=J1-13
Added Pin To Net: NetName=Input13 Pin=J1-14
Added Pin To Net: NetName=Input14 Pin=J1-15
Added Pin To Net: NetName=Input15 Pin=J1-16
Added Pin To Net: NetName=Input16 Pin=J1-17
Added Pin To Net: NetName=GND Pin=J1-18
Added Pin To Net: NetName=GND Pin=J1-19
Added Pin To Net: NetName=Input17 Pin=J1-20
Added Pin To Net: NetName=Input18 Pin=J1-21
Added Pin To Net: NetName=Input19 Pin=J1-22
Added Pin To Net: NetName=Input20 Pin=J1-23
Added Pin To Net: NetName=Input21 Pin=J1-24
Added Pin To Net: NetName=Input22 Pin=J1-25
Added Pin To Net: NetName=Input23 Pin=J1-26
Added Pin To Net: NetName=Input24 Pin=J1-27
Added Pin To Net: NetName=GND Pin=J1-28
Added Pin To Net: NetName=Input25 Pin=J1-29
Added Pin To Net: NetName=Input26 Pin=J1-30
Added Pin To Net: NetName=Input27 Pin=J1-31
Added Pin To Net: NetName=Input28 Pin=J1-32
Added Pin To Net: NetName=Input29 Pin=J1-33
Added Pin To Net: NetName=Input30 Pin=J1-34
Added Pin To Net: NetName=Input31 Pin=J1-35
Added Pin To Net: NetName=Input32 Pin=J1-36
Added Member To Class: ClassName=Main Member=Component E1 2.5 mm
Added Member To Class: ClassName=Main Member=Component E2 2.5 mm
Added Member To Class: ClassName=Main Member=Component E3 2.5 mm
Added Member To Class: ClassName=Main Member=Component E4 2.5 mm
Added Member To Class: ClassName=Main Member=Component E5 2.5 mm
Added Member To Class: ClassName=Main Member=Component E6 2.5 mm
Added Member To Class: ClassName=Main Member=Component E7 2.5 mm
Added Member To Class: ClassName=Main Member=Component E8 2.5 mm
Added Member To Class: ClassName=Main Member=Component E9 2.5 mm
Added Member To Class: ClassName=Main Member=Component E10 2.5 mm
Added Member To Class: ClassName=Main Member=Component E11 2.5 mm
Added Member To Class: ClassName=Main Member=Component E12 2.5 mm
Added Member To Class: ClassName=Main Member=Component E13 2.5 mm
Added Member To Class: ClassName=Main Member=Component E14 2.5 mm
Added Member To Class: ClassName=Main Member=Component E15 2.5 mm
Added Member To Class: ClassName=Main Member=Component E16 2.5 mm
Added Member To Class: ClassName=Main Member=Component E17 2.5 mm
Added Member To Class: ClassName=Main Member=Component E18 2.5 mm
Added Member To Class: ClassName=Main Member=Component E19 2.5 mm
Added Member To Class: ClassName=Main Member=Component E20 2.5 mm
Added Member To Class: ClassName=Main Member=Component E21 2.5 mm
Added Member To Class: ClassName=Main Member=Component E22 2.5 mm
Added Member To Class: ClassName=Main Member=Component E23 2.5 mm
Added Member To Class: ClassName=Main Member=Component E24 2.5 mm
Added Member To Class: ClassName=Main Member=Component E25 2.5 mm
Added Member To Class: ClassName=Main Member=Component E26 2.5 mm
Added Member To Class: ClassName=Main Member=Component E27 2.5 mm
Added Member To Class: ClassName=Main Member=Component E28 2.5 mm
Added Member To Class: ClassName=Main Member=Component E29 2.5 mm
Added Member To Class: ClassName=Main Member=Component E30 2.5 mm
Added Member To Class: ClassName=Main Member=Component E31 2.5 mm
Added Member To Class: ClassName=Main Member=Component E32 2.5 mm
Added Member To Class: ClassName=Main Member=Component J1 XF2M-3615-1A
