Change Component Footprint: Designator=J1_A Old Footprint=FP-1054500101-MFG New Footprint=FP-217183-0001-MFG
Change Component Footprint: Designator=J1_B Old Footprint=FP-1054500101-MFG New Footprint=FP-217183-0001-MFG
Change Component Footprint: Designator=J1_C Old Footprint=FP-1054500101-MFG New Footprint=FP-217183-0001-MFG
Change Component Footprint: Designator=J1_D Old Footprint=FP-1054500101-MFG New Footprint=FP-217183-0001-MFG
Change Component Footprint: Designator=J1_E Old Footprint=FP-1054500101-MFG New Footprint=FP-217183-0001-MFG
Change Component Footprint: Designator=J1_F Old Footprint=FP-1054500101-MFG New Footprint=FP-217183-0001-MFG
Change Component Footprint: Designator=J1_G Old Footprint=FP-1054500101-MFG New Footprint=FP-217183-0001-MFG
Change Component Footprint: Designator=J1_H Old Footprint=FP-1054500101-MFG New Footprint=FP-217183-0001-MFG
Change Component Comment : Designator=J1_A Old Comment=105450-0101 New Comment=217183-0001
Change Component Comment : Designator=J1_B Old Comment=105450-0101 New Comment=217183-0001
Change Component Comment : Designator=J1_C Old Comment=105450-0101 New Comment=217183-0001
Change Component Comment : Designator=J1_D Old Comment=105450-0101 New Comment=217183-0001
Change Component Comment : Designator=J1_E Old Comment=105450-0101 New Comment=217183-0001
Change Component Comment : Designator=J1_F Old Comment=105450-0101 New Comment=217183-0001
Change Component Comment : Designator=J1_G Old Comment=105450-0101 New Comment=217183-0001
Change Component Comment : Designator=J1_H Old Comment=105450-0101 New Comment=217183-0001
Change Managed Component Library Link : Designator=J1_A Old VaultGUID=B7D15EC3-160A-466F-A46C-7801FE6295A7 New VaultGUID=B7D15EC3-160A-466F-A46C-7801FE6295A7 Old ItemGUID=B8C23617-1114-4636-A234-0F01FB2A190F New ItemGUID=52C5EF00-F739-421E-BAB1-C11AC19E9C90 Old RevisionGUID=AB081C05-0EAE-48C0-8184-8448205FE6D5 New RevisionGUID=7558BF83-8FBE-4894-B2FF-408BE4AB6C49
Change Managed Component Library Link : Designator=J1_B Old VaultGUID=B7D15EC3-160A-466F-A46C-7801FE6295A7 New VaultGUID=B7D15EC3-160A-466F-A46C-7801FE6295A7 Old ItemGUID=B8C23617-1114-4636-A234-0F01FB2A190F New ItemGUID=52C5EF00-F739-421E-BAB1-C11AC19E9C90 Old RevisionGUID=AB081C05-0EAE-48C0-8184-8448205FE6D5 New RevisionGUID=7558BF83-8FBE-4894-B2FF-408BE4AB6C49
Change Managed Component Library Link : Designator=J1_C Old VaultGUID=B7D15EC3-160A-466F-A46C-7801FE6295A7 New VaultGUID=B7D15EC3-160A-466F-A46C-7801FE6295A7 Old ItemGUID=B8C23617-1114-4636-A234-0F01FB2A190F New ItemGUID=52C5EF00-F739-421E-BAB1-C11AC19E9C90 Old RevisionGUID=AB081C05-0EAE-48C0-8184-8448205FE6D5 New RevisionGUID=7558BF83-8FBE-4894-B2FF-408BE4AB6C49
Change Managed Component Library Link : Designator=J1_D Old VaultGUID=B7D15EC3-160A-466F-A46C-7801FE6295A7 New VaultGUID=B7D15EC3-160A-466F-A46C-7801FE6295A7 Old ItemGUID=B8C23617-1114-4636-A234-0F01FB2A190F New ItemGUID=52C5EF00-F739-421E-BAB1-C11AC19E9C90 Old RevisionGUID=AB081C05-0EAE-48C0-8184-8448205FE6D5 New RevisionGUID=7558BF83-8FBE-4894-B2FF-408BE4AB6C49
Change Managed Component Library Link : Designator=J1_E Old VaultGUID=B7D15EC3-160A-466F-A46C-7801FE6295A7 New VaultGUID=B7D15EC3-160A-466F-A46C-7801FE6295A7 Old ItemGUID=B8C23617-1114-4636-A234-0F01FB2A190F New ItemGUID=52C5EF00-F739-421E-BAB1-C11AC19E9C90 Old RevisionGUID=AB081C05-0EAE-48C0-8184-8448205FE6D5 New RevisionGUID=7558BF83-8FBE-4894-B2FF-408BE4AB6C49
Change Managed Component Library Link : Designator=J1_F Old VaultGUID=B7D15EC3-160A-466F-A46C-7801FE6295A7 New VaultGUID=B7D15EC3-160A-466F-A46C-7801FE6295A7 Old ItemGUID=B8C23617-1114-4636-A234-0F01FB2A190F New ItemGUID=52C5EF00-F739-421E-BAB1-C11AC19E9C90 Old RevisionGUID=AB081C05-0EAE-48C0-8184-8448205FE6D5 New RevisionGUID=7558BF83-8FBE-4894-B2FF-408BE4AB6C49
Change Managed Component Library Link : Designator=J1_G Old VaultGUID=B7D15EC3-160A-466F-A46C-7801FE6295A7 New VaultGUID=B7D15EC3-160A-466F-A46C-7801FE6295A7 Old ItemGUID=B8C23617-1114-4636-A234-0F01FB2A190F New ItemGUID=52C5EF00-F739-421E-BAB1-C11AC19E9C90 Old RevisionGUID=AB081C05-0EAE-48C0-8184-8448205FE6D5 New RevisionGUID=7558BF83-8FBE-4894-B2FF-408BE4AB6C49
Change Managed Component Library Link : Designator=J1_H Old VaultGUID=B7D15EC3-160A-466F-A46C-7801FE6295A7 New VaultGUID=B7D15EC3-160A-466F-A46C-7801FE6295A7 Old ItemGUID=B8C23617-1114-4636-A234-0F01FB2A190F New ItemGUID=52C5EF00-F739-421E-BAB1-C11AC19E9C90 Old RevisionGUID=AB081C05-0EAE-48C0-8184-8448205FE6D5 New RevisionGUID=7558BF83-8FBE-4894-B2FF-408BE4AB6C49
Change component parameters: Designator = "J1_A" ("J1"); Footprint = "FP-1054500101-MFG"; UniqueID = "\RVJAGTJQ\RIJXICMK\EZUBMPGO" ("\RVJAGTJQ\RIJXICMK\EZUBMPGO")
Change component parameters: Designator = "J1_B" ("J1"); Footprint = "FP-1054500101-MFG"; UniqueID = "\RVJAGTJQ\JOOGUROY\EZUBMPGO" ("\RVJAGTJQ\JOOGUROY\EZUBMPGO")
Change component parameters: Designator = "J1_C" ("J1"); Footprint = "FP-1054500101-MFG"; UniqueID = "\RVJAGTJQ\RUTTANBL\EZUBMPGO" ("\RVJAGTJQ\RUTTANBL\EZUBMPGO")
Change component parameters: Designator = "J1_D" ("J1"); Footprint = "FP-1054500101-MFG"; UniqueID = "\RVJAGTJQ\QHLHNHPW\EZUBMPGO" ("\RVJAGTJQ\QHLHNHPW\EZUBMPGO")
Change component parameters: Designator = "J1_E" ("J1"); Footprint = "FP-1054500101-MFG"; UniqueID = "\RVJAGTJQ\LYXLIOEE\EZUBMPGO" ("\RVJAGTJQ\LYXLIOEE\EZUBMPGO")
Change component parameters: Designator = "J1_F" ("J1"); Footprint = "FP-1054500101-MFG"; UniqueID = "\RVJAGTJQ\WOZGPGBX\EZUBMPGO" ("\RVJAGTJQ\WOZGPGBX\EZUBMPGO")
Change component parameters: Designator = "J1_G" ("J1"); Footprint = "FP-1054500101-MFG"; UniqueID = "\RVJAGTJQ\QHQKRPJD\EZUBMPGO" ("\RVJAGTJQ\QHQKRPJD\EZUBMPGO")
Change component parameters: Designator = "J1_H" ("J1"); Footprint = "FP-1054500101-MFG"; UniqueID = "\RVJAGTJQ\BLONHHYF\EZUBMPGO" ("\RVJAGTJQ\BLONHHYF\EZUBMPGO")
