Removed Pin From Net: NetName=GND Pin=R1_A-1
Removed Pin From Net: NetName=GND Pin=R1_B-1
Removed Pin From Net: NetName=GND Pin=R1_C-1
Removed Pin From Net: NetName=GND Pin=R1_D-1
Removed Pin From Net: NetName=GND Pin=R1_E-1
Removed Pin From Net: NetName=GND Pin=R1_F-1
Removed Pin From Net: NetName=GND Pin=R1_G-1
Removed Pin From Net: NetName=GND Pin=R1_H-1
Removed Member From Class: ClassName=A Member=R1_A
Removed Member From Class: ClassName=B Member=R1_B
Removed Member From Class: ClassName=C Member=R1_C
Removed Member From Class: ClassName=D Member=R1_D
Removed Member From Class: ClassName=E Member=R1_E
Removed Member From Class: ClassName=F Member=R1_F
Removed Member From Class: ClassName=G Member=R1_G
Removed Member From Class: ClassName=H Member=R1_H
Added Component: Designator=J1_A(FP-217183-0001-MFG)
Added Component: Designator=J1_B(FP-217183-0001-MFG)
Added Component: Designator=J1_C(FP-217183-0001-MFG)
Added Component: Designator=J1_D(FP-217183-0001-MFG)
Added Component: Designator=J1_E(FP-217183-0001-MFG)
Added Component: Designator=J1_F(FP-217183-0001-MFG)
Added Component: Designator=J1_G(FP-217183-0001-MFG)
Added Component: Designator=J1_H(FP-217183-0001-MFG)
Added Pin To Net: NetName=GND Pin=J1_A-1
Added Pin To Net: NetName=GND Pin=J1_A-2
Added Pin To Net: NetName=GND Pin=J1_A-3
Added Pin To Net: NetName=GND Pin=J1_A-4
Added Pin To Net: NetName=GND Pin=J1_A-A1
Added Pin To Net: NetName=C\S\_A_P Pin=J1_A-A2
Added Pin To Net: NetName=C\S\_A_N Pin=J1_A-A3
Added Pin To Net: NetName=3V3 Pin=J1_A-A4
Added Pin To Net: NetName=SCLK_A_P Pin=J1_A-A5
Added Pin To Net: NetName=SCLK_A_N Pin=J1_A-A6
Added Pin To Net: NetName=MOSI_A_P Pin=J1_A-A7
Added Pin To Net: NetName=MOSI_A_N Pin=J1_A-A8
Added Pin To Net: NetName=3V3 Pin=J1_A-A9
Added Pin To Net: NetName=MISO_A_P Pin=J1_A-A10
Added Pin To Net: NetName=MISO_A_N Pin=J1_A-A11
Added Pin To Net: NetName=GND Pin=J1_A-A12
Added Pin To Net: NetName=GND Pin=J1_A-B1
Added Pin To Net: NetName=C\S\_A_P Pin=J1_A-B2
Added Pin To Net: NetName=C\S\_A_N Pin=J1_A-B3
Added Pin To Net: NetName=3V3 Pin=J1_A-B4
Added Pin To Net: NetName=SCLK_A_P Pin=J1_A-B5
Added Pin To Net: NetName=SCLK_A_N Pin=J1_A-B6
Added Pin To Net: NetName=MOSI_A_P Pin=J1_A-B7
Added Pin To Net: NetName=MOSI_A_N Pin=J1_A-B8
Added Pin To Net: NetName=3V3 Pin=J1_A-B9
Added Pin To Net: NetName=MISO_A_P Pin=J1_A-B10
Added Pin To Net: NetName=MISO_A_N Pin=J1_A-B11
Added Pin To Net: NetName=GND Pin=J1_A-B12
Added Pin To Net: NetName=GND Pin=J1_B-1
Added Pin To Net: NetName=GND Pin=J1_B-2
Added Pin To Net: NetName=GND Pin=J1_B-3
Added Pin To Net: NetName=GND Pin=J1_B-4
Added Pin To Net: NetName=GND Pin=J1_B-A1
Added Pin To Net: NetName=C\S\_B_P Pin=J1_B-A2
Added Pin To Net: NetName=C\S\_B_N Pin=J1_B-A3
Added Pin To Net: NetName=3V3 Pin=J1_B-A4
Added Pin To Net: NetName=SCLK_B_P Pin=J1_B-A5
Added Pin To Net: NetName=SCLK_B_N Pin=J1_B-A6
Added Pin To Net: NetName=MOSI_B_P Pin=J1_B-A7
Added Pin To Net: NetName=MOSI_B_N Pin=J1_B-A8
Added Pin To Net: NetName=3V3 Pin=J1_B-A9
Added Pin To Net: NetName=MISO_B_P Pin=J1_B-A10
Added Pin To Net: NetName=MISO_B_N Pin=J1_B-A11
Added Pin To Net: NetName=GND Pin=J1_B-A12
Added Pin To Net: NetName=GND Pin=J1_B-B1
Added Pin To Net: NetName=C\S\_B_P Pin=J1_B-B2
Added Pin To Net: NetName=C\S\_B_N Pin=J1_B-B3
Added Pin To Net: NetName=3V3 Pin=J1_B-B4
Added Pin To Net: NetName=SCLK_B_P Pin=J1_B-B5
Added Pin To Net: NetName=SCLK_B_N Pin=J1_B-B6
Added Pin To Net: NetName=MOSI_B_P Pin=J1_B-B7
Added Pin To Net: NetName=MOSI_B_N Pin=J1_B-B8
Added Pin To Net: NetName=3V3 Pin=J1_B-B9
Added Pin To Net: NetName=MISO_B_P Pin=J1_B-B10
Added Pin To Net: NetName=MISO_B_N Pin=J1_B-B11
Added Pin To Net: NetName=GND Pin=J1_B-B12
Added Pin To Net: NetName=GND Pin=J1_C-1
Added Pin To Net: NetName=GND Pin=J1_C-2
Added Pin To Net: NetName=GND Pin=J1_C-3
Added Pin To Net: NetName=GND Pin=J1_C-4
Added Pin To Net: NetName=GND Pin=J1_C-A1
Added Pin To Net: NetName=C\S\_C_P Pin=J1_C-A2
Added Pin To Net: NetName=C\S\_C_N Pin=J1_C-A3
Added Pin To Net: NetName=3V3 Pin=J1_C-A4
Added Pin To Net: NetName=SCLK_C_P Pin=J1_C-A5
Added Pin To Net: NetName=SCLK_C_N Pin=J1_C-A6
Added Pin To Net: NetName=MOSI_C_P Pin=J1_C-A7
Added Pin To Net: NetName=MOSI_C_N Pin=J1_C-A8
Added Pin To Net: NetName=3V3 Pin=J1_C-A9
Added Pin To Net: NetName=MISO_C_P Pin=J1_C-A10
Added Pin To Net: NetName=MISO_C_N Pin=J1_C-A11
Added Pin To Net: NetName=GND Pin=J1_C-A12
Added Pin To Net: NetName=GND Pin=J1_C-B1
Added Pin To Net: NetName=C\S\_C_P Pin=J1_C-B2
Added Pin To Net: NetName=C\S\_C_N Pin=J1_C-B3
Added Pin To Net: NetName=3V3 Pin=J1_C-B4
Added Pin To Net: NetName=SCLK_C_P Pin=J1_C-B5
Added Pin To Net: NetName=SCLK_C_N Pin=J1_C-B6
Added Pin To Net: NetName=MOSI_C_P Pin=J1_C-B7
Added Pin To Net: NetName=MOSI_C_N Pin=J1_C-B8
Added Pin To Net: NetName=3V3 Pin=J1_C-B9
Added Pin To Net: NetName=MISO_C_P Pin=J1_C-B10
Added Pin To Net: NetName=MISO_C_N Pin=J1_C-B11
Added Pin To Net: NetName=GND Pin=J1_C-B12
Added Pin To Net: NetName=GND Pin=J1_D-1
Added Pin To Net: NetName=GND Pin=J1_D-2
Added Pin To Net: NetName=GND Pin=J1_D-3
Added Pin To Net: NetName=GND Pin=J1_D-4
Added Pin To Net: NetName=GND Pin=J1_D-A1
Added Pin To Net: NetName=C\S\_D_P Pin=J1_D-A2
Added Pin To Net: NetName=C\S\_D_N Pin=J1_D-A3
Added Pin To Net: NetName=3V3 Pin=J1_D-A4
Added Pin To Net: NetName=SCLK_D_P Pin=J1_D-A5
Added Pin To Net: NetName=SCLK_D_N Pin=J1_D-A6
Added Pin To Net: NetName=MOSI_D_P Pin=J1_D-A7
Added Pin To Net: NetName=MOSI_D_N Pin=J1_D-A8
Added Pin To Net: NetName=3V3 Pin=J1_D-A9
Added Pin To Net: NetName=MISO_D_P Pin=J1_D-A10
Added Pin To Net: NetName=MISO_D_N Pin=J1_D-A11
Added Pin To Net: NetName=GND Pin=J1_D-A12
Added Pin To Net: NetName=GND Pin=J1_D-B1
Added Pin To Net: NetName=C\S\_D_P Pin=J1_D-B2
Added Pin To Net: NetName=C\S\_D_N Pin=J1_D-B3
Added Pin To Net: NetName=3V3 Pin=J1_D-B4
Added Pin To Net: NetName=SCLK_D_P Pin=J1_D-B5
Added Pin To Net: NetName=SCLK_D_N Pin=J1_D-B6
Added Pin To Net: NetName=MOSI_D_P Pin=J1_D-B7
Added Pin To Net: NetName=MOSI_D_N Pin=J1_D-B8
Added Pin To Net: NetName=3V3 Pin=J1_D-B9
Added Pin To Net: NetName=MISO_D_P Pin=J1_D-B10
Added Pin To Net: NetName=MISO_D_N Pin=J1_D-B11
Added Pin To Net: NetName=GND Pin=J1_D-B12
Added Pin To Net: NetName=GND Pin=J1_E-1
Added Pin To Net: NetName=GND Pin=J1_E-2
Added Pin To Net: NetName=GND Pin=J1_E-3
Added Pin To Net: NetName=GND Pin=J1_E-4
Added Pin To Net: NetName=GND Pin=J1_E-A1
Added Pin To Net: NetName=C\S\_E_P Pin=J1_E-A2
Added Pin To Net: NetName=C\S\_E_N Pin=J1_E-A3
Added Pin To Net: NetName=3V3 Pin=J1_E-A4
Added Pin To Net: NetName=SCLK_E_P Pin=J1_E-A5
Added Pin To Net: NetName=SCLK_E_N Pin=J1_E-A6
Added Pin To Net: NetName=MOSI_E_P Pin=J1_E-A7
Added Pin To Net: NetName=MOSI_E_N Pin=J1_E-A8
Added Pin To Net: NetName=3V3 Pin=J1_E-A9
Added Pin To Net: NetName=MISO_E_P Pin=J1_E-A10
Added Pin To Net: NetName=MISO_E_N Pin=J1_E-A11
Added Pin To Net: NetName=GND Pin=J1_E-A12
Added Pin To Net: NetName=GND Pin=J1_E-B1
Added Pin To Net: NetName=C\S\_E_P Pin=J1_E-B2
Added Pin To Net: NetName=C\S\_E_N Pin=J1_E-B3
Added Pin To Net: NetName=3V3 Pin=J1_E-B4
Added Pin To Net: NetName=SCLK_E_P Pin=J1_E-B5
Added Pin To Net: NetName=SCLK_E_N Pin=J1_E-B6
Added Pin To Net: NetName=MOSI_E_P Pin=J1_E-B7
Added Pin To Net: NetName=MOSI_E_N Pin=J1_E-B8
Added Pin To Net: NetName=3V3 Pin=J1_E-B9
Added Pin To Net: NetName=MISO_E_P Pin=J1_E-B10
Added Pin To Net: NetName=MISO_E_N Pin=J1_E-B11
Added Pin To Net: NetName=GND Pin=J1_E-B12
Added Pin To Net: NetName=GND Pin=J1_F-1
Added Pin To Net: NetName=GND Pin=J1_F-2
Added Pin To Net: NetName=GND Pin=J1_F-3
Added Pin To Net: NetName=GND Pin=J1_F-4
Added Pin To Net: NetName=GND Pin=J1_F-A1
Added Pin To Net: NetName=C\S\_F_P Pin=J1_F-A2
Added Pin To Net: NetName=C\S\_F_N Pin=J1_F-A3
Added Pin To Net: NetName=3V3 Pin=J1_F-A4
Added Pin To Net: NetName=SCLK_F_P Pin=J1_F-A5
Added Pin To Net: NetName=SCLK_F_N Pin=J1_F-A6
Added Pin To Net: NetName=MOSI_F_P Pin=J1_F-A7
Added Pin To Net: NetName=MOSI_F_N Pin=J1_F-A8
Added Pin To Net: NetName=3V3 Pin=J1_F-A9
Added Pin To Net: NetName=MISO_F_P Pin=J1_F-A10
Added Pin To Net: NetName=MISO_F_N Pin=J1_F-A11
Added Pin To Net: NetName=GND Pin=J1_F-A12
Added Pin To Net: NetName=GND Pin=J1_F-B1
Added Pin To Net: NetName=C\S\_F_P Pin=J1_F-B2
Added Pin To Net: NetName=C\S\_F_N Pin=J1_F-B3
Added Pin To Net: NetName=3V3 Pin=J1_F-B4
Added Pin To Net: NetName=SCLK_F_P Pin=J1_F-B5
Added Pin To Net: NetName=SCLK_F_N Pin=J1_F-B6
Added Pin To Net: NetName=MOSI_F_P Pin=J1_F-B7
Added Pin To Net: NetName=MOSI_F_N Pin=J1_F-B8
Added Pin To Net: NetName=3V3 Pin=J1_F-B9
Added Pin To Net: NetName=MISO_F_P Pin=J1_F-B10
Added Pin To Net: NetName=MISO_F_N Pin=J1_F-B11
Added Pin To Net: NetName=GND Pin=J1_F-B12
Added Pin To Net: NetName=GND Pin=J1_G-1
Added Pin To Net: NetName=GND Pin=J1_G-2
Added Pin To Net: NetName=GND Pin=J1_G-3
Added Pin To Net: NetName=GND Pin=J1_G-4
Added Pin To Net: NetName=GND Pin=J1_G-A1
Added Pin To Net: NetName=C\S\_G_P Pin=J1_G-A2
Added Pin To Net: NetName=C\S\_G_N Pin=J1_G-A3
Added Pin To Net: NetName=3V3 Pin=J1_G-A4
Added Pin To Net: NetName=SCLK_G_P Pin=J1_G-A5
Added Pin To Net: NetName=SCLK_G_N Pin=J1_G-A6
Added Pin To Net: NetName=MOSI_G_P Pin=J1_G-A7
Added Pin To Net: NetName=MOSI_G_N Pin=J1_G-A8
Added Pin To Net: NetName=3V3 Pin=J1_G-A9
Added Pin To Net: NetName=MISO_G_P Pin=J1_G-A10
Added Pin To Net: NetName=MISO_G_N Pin=J1_G-A11
Added Pin To Net: NetName=GND Pin=J1_G-A12
Added Pin To Net: NetName=GND Pin=J1_G-B1
Added Pin To Net: NetName=C\S\_G_P Pin=J1_G-B2
Added Pin To Net: NetName=C\S\_G_N Pin=J1_G-B3
Added Pin To Net: NetName=3V3 Pin=J1_G-B4
Added Pin To Net: NetName=SCLK_G_P Pin=J1_G-B5
Added Pin To Net: NetName=SCLK_G_N Pin=J1_G-B6
Added Pin To Net: NetName=MOSI_G_P Pin=J1_G-B7
Added Pin To Net: NetName=MOSI_G_N Pin=J1_G-B8
Added Pin To Net: NetName=3V3 Pin=J1_G-B9
Added Pin To Net: NetName=MISO_G_P Pin=J1_G-B10
Added Pin To Net: NetName=MISO_G_N Pin=J1_G-B11
Added Pin To Net: NetName=GND Pin=J1_G-B12
Added Pin To Net: NetName=GND Pin=J1_H-1
Added Pin To Net: NetName=GND Pin=J1_H-2
Added Pin To Net: NetName=GND Pin=J1_H-3
Added Pin To Net: NetName=GND Pin=J1_H-4
Added Pin To Net: NetName=GND Pin=J1_H-A1
Added Pin To Net: NetName=C\S\_H_P Pin=J1_H-A2
Added Pin To Net: NetName=C\S\_H_N Pin=J1_H-A3
Added Pin To Net: NetName=3V3 Pin=J1_H-A4
Added Pin To Net: NetName=SCLK_H_P Pin=J1_H-A5
Added Pin To Net: NetName=SCLK_H_N Pin=J1_H-A6
Added Pin To Net: NetName=MOSI_H_P Pin=J1_H-A7
Added Pin To Net: NetName=MOSI_H_N Pin=J1_H-A8
Added Pin To Net: NetName=3V3 Pin=J1_H-A9
Added Pin To Net: NetName=MISO_H_P Pin=J1_H-A10
Added Pin To Net: NetName=MISO_H_N Pin=J1_H-A11
Added Pin To Net: NetName=GND Pin=J1_H-A12
Added Pin To Net: NetName=GND Pin=J1_H-B1
Added Pin To Net: NetName=C\S\_H_P Pin=J1_H-B2
Added Pin To Net: NetName=C\S\_H_N Pin=J1_H-B3
Added Pin To Net: NetName=3V3 Pin=J1_H-B4
Added Pin To Net: NetName=SCLK_H_P Pin=J1_H-B5
Added Pin To Net: NetName=SCLK_H_N Pin=J1_H-B6
Added Pin To Net: NetName=MOSI_H_P Pin=J1_H-B7
Added Pin To Net: NetName=MOSI_H_N Pin=J1_H-B8
Added Pin To Net: NetName=3V3 Pin=J1_H-B9
Added Pin To Net: NetName=MISO_H_P Pin=J1_H-B10
Added Pin To Net: NetName=MISO_H_N Pin=J1_H-B11
Added Pin To Net: NetName=GND Pin=J1_H-B12
Added Member To Class: ClassName=A Member=Component J1_A (J1A) 217183-0001
Added Member To Class: ClassName=B Member=Component J1_B (J1A) 217183-0001
Added Member To Class: ClassName=C Member=Component J1_C (J1A) 217183-0001
Added Member To Class: ClassName=D Member=Component J1_D (J1A) 217183-0001
Added Member To Class: ClassName=E Member=Component J1_E (J1A) 217183-0001
Added Member To Class: ClassName=F Member=Component J1_F (J1A) 217183-0001
Added Member To Class: ClassName=G Member=Component J1_G (J1A) 217183-0001
Added Member To Class: ClassName=H Member=Component J1_H (J1A) 217183-0001
Added Rule: Name=Schematic Supply Nets
Added Rule: Name=Schematic Supply Nets_1
Added Rule: Name=Schematic Supply Nets_2
Added Rule: Name=Schematic Supply Nets_3
Added Rule: Name=Schematic Supply Nets_4
Added Rule: Name=Schematic Supply Nets_5
Added Rule: Name=Schematic Supply Nets_6
Added Rule: Name=Schematic Supply Nets_7
